0 verbose cli /usr/bin/node /usr/bin/npm
1 info using npm@10.9.3
2 info using node@v22.20.0
3 silly config load:file:/usr/lib/node_modules/npm/npmrc
4 silly config load:file:/root/.npmrc
5 silly config load:file:/usr/etc/npmrc
6 verbose title npm install pnpm
7 verbose argv "install" "--global" "pnpm"
8 verbose logfile logs-max:10 dir:/root/.npm/_logs/2025-10-08T18_40_44_458Z-
9 verbose logfile /root/.npm/_logs/2025-10-08T18_40_44_458Z-debug-0.log
10 silly packumentCache heap:4345298944 maxSize:1086324736 maxEntrySize:543162368
11 silly logfile start cleaning logs, removing 1 files
12 silly idealTree buildDeps
13 silly fetch manifest pnpm@*
14 silly packumentCache full:https://registry.npmjs.org/pnpm cache-miss
15 silly logfile done cleaning log files
16 http fetch GET 200 https://registry.npmjs.org/pnpm 116ms (cache revalidated)
17 silly packumentCache full:https://registry.npmjs.org/pnpm set size:5134020 disposed:false
18 silly placeDep ROOT pnpm@10.18.1 OK for:  want: *
19 silly reify mark retired [ '/usr/lib/node_modules/pnpm', '/usr/bin/pnpm', '/usr/bin/pnpx' ]
20 silly reify moves {
20 silly reify   '/usr/lib/node_modules/pnpm': '/usr/lib/node_modules/.pnpm-H0EZVZtB',
20 silly reify   '/usr/bin/pnpm': '/usr/bin/.pnpm-JTllyBcj',
20 silly reify   '/usr/bin/pnpx': '/usr/bin/.pnpx-MALdymCV'
20 silly reify }
21 http cache pnpm@https://registry.npmjs.org/pnpm/-/pnpm-10.18.1.tgz 0ms (cache hit)
22 silly CHANGE node_modules/pnpm
23 verbose cwd /root
24 verbose os Linux 5.15.0-157-generic
25 verbose node v22.20.0
26 verbose npm  v10.9.3
27 verbose exit 0
28 info ok
